# JRE version: OpenJDK Runtime Environment (11.0.10) (build 11.0.10+0-b96-7249189)
# Java VM: OpenJDK 64-Bit Server VM (11.0.10+0-b96-7249189, mixed mode, tiered, compressed oops, g1 gc, windows-amd64)
Heap:
 garbage-first heap   total 196608K, used 154811K [0x0000000080000000, 0x0000000100000000)
  region size 1024K, 21 young (21504K), 4 survivors (4096K)
 Metaspace       used 119556K, capacity 123267K, committed 123520K, reserved 1157120K
  class space    used 15074K, capacity 16390K, committed 16512K, reserved 1048576K
GC Heap History (20 events):
Event: 233.479 GC heap before
{Heap before GC invocations=46 (full 0):
 garbage-first heap   total 196608K, used 164020K [0x0000000080000000, 0x0000000100000000)
  region size 1024K, 37 young (37888K), 4 survivors (4096K)
 Metaspace       used 118595K, capacity 122236K, committed 122624K, reserved 1155072K
  class space    used 15004K, capacity 16266K, committed 16384K, reserved 1048576K
}
Event: 233.489 GC heap after
{Heap after GC invocations=47 (full 0):
 garbage-first heap   total 196608K, used 133257K [0x0000000080000000, 0x0000000100000000)
  region size 1024K, 2 young (2048K), 2 survivors (2048K)
 Metaspace       used 118595K, capacity 122236K, committed 122624K, reserved 1155072K
  class space    used 15004K, capacity 16266K, committed 16384K, reserved 1048576K
}
Event: 233.536 GC heap before
{Heap before GC invocations=47 (full 0):
 garbage-first heap   total 196608K, used 140425K [0x0000000080000000, 0x0000000100000000)
  region size 1024K, 9 young (9216K), 2 survivors (2048K)
 Metaspace       used 118605K, capacity 122300K, committed 122624K, reserved 1155072K
  class space    used 15004K, capacity 16266K, committed 16384K, reserved 1048576K
}
Event: 233.546 GC heap after
{Heap after GC invocations=48 (full 0):
 garbage-first heap   total 196608K, used 133208K [0x0000000080000000, 0x0000000100000000)
  region size 1024K, 1 young (1024K), 1 survivors (1024K)
 Metaspace       used 118605K, capacity 122300K, committed 122624K, reserved 1155072K
  class space    used 15004K, capacity 16266K, committed 16384K, reserved 1048576K
}
Event: 233.613 GC heap before
{Heap before GC invocations=48 (full 0):
 garbage-first heap   total 196608K, used 148568K [0x0000000080000000, 0x0000000100000000)
  region size 1024K, 18 young (18432K), 1 survivors (1024K)
 Metaspace       used 118611K, capacity 122300K, committed 122624K, reserved 1155072K
  class space    used 15004K, capacity 16266K, committed 16384K, reserved 1048576K
}
Event: 233.616 GC heap after
{Heap after GC invocations=49 (full 0):
 garbage-first heap   total 196608K, used 133851K [0x0000000080000000, 0x0000000100000000)
  region size 1024K, 2 young (2048K), 2 survivors (2048K)
 Metaspace       used 118611K, capacity 122300K, committed 122624K, reserved 1155072K
  class space    used 15004K, capacity 16266K, committed 16384K, reserved 1048576K
}
Event: 233.851 GC heap before
{Heap before GC invocations=49 (full 0):
 garbage-first heap   total 196608K, used 166619K [0x0000000080000000, 0x0000000100000000)
  region size 1024K, 34 young (34816K), 2 survivors (2048K)
 Metaspace       used 118615K, capacity 122300K, committed 122624K, reserved 1155072K
  class space    used 15004K, capacity 16266K, committed 16384K, reserved 1048576K
}
Event: 233.853 GC heap after
{Heap after GC invocations=50 (full 0):
 garbage-first heap   total 196608K, used 135697K [0x0000000080000000, 0x0000000100000000)
  region size 1024K, 3 young (3072K), 3 survivors (3072K)
 Metaspace       used 118615K, capacity 122300K, committed 122624K, reserved 1155072K
  class space    used 15004K, capacity 16266K, committed 16384K, reserved 1048576K
}
Event: 235.032 GC heap before
{Heap before GC invocations=51 (full 0):
 garbage-first heap   total 196608K, used 168465K [0x0000000080000000, 0x0000000100000000)
  region size 1024K, 35 young (35840K), 3 survivors (3072K)
 Metaspace       used 118703K, capacity 122384K, committed 122624K, reserved 1155072K
  class space    used 15014K, capacity 16272K, committed 16384K, reserved 1048576K
}
Event: 235.038 GC heap after
{Heap after GC invocations=52 (full 0):
 garbage-first heap   total 196608K, used 134404K [0x0000000080000000, 0x0000000100000000)
  region size 1024K, 2 young (2048K), 2 survivors (2048K)
 Metaspace       used 118703K, capacity 122384K, committed 122624K, reserved 1155072K
  class space    used 15014K, capacity 16272K, committed 16384K, reserved 1048576K
}
Event: 235.176 GC heap before
{Heap before GC invocations=52 (full 0):
 garbage-first heap   total 196608K, used 140548K [0x0000000080000000, 0x0000000100000000)
  region size 1024K, 9 young (9216K), 2 survivors (2048K)
 Metaspace       used 118719K, capacity 122390K, committed 122624K, reserved 1155072K
  class space    used 15015K, capacity 16273K, committed 16384K, reserved 1048576K
}
Event: 235.187 GC heap after
{Heap after GC invocations=53 (full 0):
 garbage-first heap   total 196608K, used 132788K [0x0000000080000000, 0x0000000100000000)
  region size 1024K, 1 young (1024K), 1 survivors (1024K)
 Metaspace       used 118719K, capacity 122390K, committed 122624K, reserved 1155072K
  class space    used 15015K, capacity 16273K, committed 16384K, reserved 1048576K
}
Event: 235.797 GC heap before
{Heap before GC invocations=53 (full 0):
 garbage-first heap   total 196608K, used 166580K [0x0000000080000000, 0x0000000100000000)
  region size 1024K, 35 young (35840K), 1 survivors (1024K)
 Metaspace       used 118942K, capacity 122591K, committed 122880K, reserved 1155072K
  class space    used 15023K, capacity 16274K, committed 16384K, reserved 1048576K
}
Event: 235.808 GC heap after
{Heap after GC invocations=54 (full 0):
 garbage-first heap   total 196608K, used 134981K [0x0000000080000000, 0x0000000100000000)
  region size 1024K, 3 young (3072K), 3 survivors (3072K)
 Metaspace       used 118942K, capacity 122591K, committed 122880K, reserved 1155072K
  class space    used 15023K, capacity 16274K, committed 16384K, reserved 1048576K
}
Event: 283.537 GC heap before
{Heap before GC invocations=55 (full 0):
 garbage-first heap   total 196608K, used 167749K [0x0000000080000000, 0x0000000100000000)
  region size 1024K, 36 young (36864K), 3 survivors (3072K)
 Metaspace       used 119158K, capacity 122726K, committed 122880K, reserved 1155072K
  class space    used 15035K, capacity 16288K, committed 16384K, reserved 1048576K
}
Event: 283.549 GC heap after
{Heap after GC invocations=56 (full 0):
 garbage-first heap   total 196608K, used 136443K [0x0000000080000000, 0x0000000100000000)
  region size 1024K, 4 young (4096K), 4 survivors (4096K)
 Metaspace       used 119158K, capacity 122726K, committed 122880K, reserved 1155072K
  class space    used 15035K, capacity 16288K, committed 16384K, reserved 1048576K
}
Event: 283.772 GC heap before
{Heap before GC invocations=56 (full 0):
 garbage-first heap   total 196608K, used 141563K [0x0000000080000000, 0x0000000100000000)
  region size 1024K, 9 young (9216K), 4 survivors (4096K)
 Metaspace       used 119175K, capacity 122742K, committed 122880K, reserved 1155072K
  class space    used 15037K, capacity 16291K, committed 16384K, reserved 1048576K
}
Event: 283.788 GC heap after
{Heap after GC invocations=57 (full 0):
 garbage-first heap   total 196608K, used 136334K [0x0000000080000000, 0x0000000100000000)
  region size 1024K, 2 young (2048K), 2 survivors (2048K)
 Metaspace       used 119175K, capacity 122742K, committed 122880K, reserved 1155072K
  class space    used 15037K, capacity 16291K, committed 16384K, reserved 1048576K
}
Event: 284.471 GC heap before
{Heap before GC invocations=57 (full 0):
 garbage-first heap   total 196608K, used 168078K [0x0000000080000000, 0x0000000100000000)
  region size 1024K, 33 young (33792K), 2 survivors (2048K)
 Metaspace       used 119510K, capacity 123173K, committed 123392K, reserved 1157120K
  class space    used 15071K, capacity 16384K, committed 16384K, reserved 1048576K
}
Event: 284.487 GC heap after
{Heap after GC invocations=58 (full 0):
 garbage-first heap   total 196608K, used 138427K [0x0000000080000000, 0x0000000100000000)
  region size 1024K, 4 young (4096K), 4 survivors (4096K)
 Metaspace       used 119510K, capacity 123173K, committed 123392K, reserved 1157120K
  class space    used 15071K, capacity 16384K, committed 16384K, reserved 1048576K
}

